
	Distribution Summary

Distribution:	Empirical    
Expression:	CONT or DISC (0.000,  1.999,
                              0.196, 257.764,
                              0.347, 513.529,
                              0.487, 769.293,
                              0.589, 1025.058,
                              0.677, 1280.823,
                              0.743, 1536.588,
                              0.793, 1792.352,
                              0.835, 2048.117,
                              0.872, 2303.882,
                              0.906, 2559.647,
                              0.927, 2815.411,
                              0.942, 3071.176,
                              0.956, 3326.941,
                              0.963, 3582.706,
                              0.967, 3838.470,
                              0.977, 4094.235,
                              0.979, 4350.000,
                              0.987, 4605.765,
                              0.990, 4861.530,
                              0.991, 5117.294,
                              0.997, 5373.059,
                              0.997, 5628.824,
                              0.997, 5884.589,
                              0.997, 6140.353,
                              0.997, 6396.118,
                              0.997, 6651.883,
                              0.998, 6907.648,
                              0.998, 7163.412,
                              0.998, 7419.177,
                              0.998, 7674.942,
                              0.999, 7930.707,
                              0.999, 8186.471,
                              0.999, 8442.236,
                              0.999, 8698.001)


	Data Summary

Number of Data Points	= 1176
Min Data Value       	= 2
Max Data Value       	= 8.7e+003
Sample Mean          	= 1.12e+003
Sample Std Dev       	= 1.08e+003

	Histogram Summary

Histogram Range    	= 2 to 8.7e+003
Number of Intervals	= 34

